<?xml version="1.0" encoding="UTF-8"?>
<!-- Generated by org.testng.reporters.JUnitReportReporter -->
<testsuite skipped="0" hostname="LAPTOP-VH53OGEN" name="exercise1.TestDockerLogin_WithExtentReport" tests="6" failures="0" timestamp="19 Apr 2021 11:32:53 GMT" time="49.940" errors="0">
  <testcase name="testMethodForExercise1a" time="28.224" classname="exercise1.TestDockerLogin_WithExtentReport"/>
  <testcase name="testMethodForExercise1b" time="4.809" classname="exercise1.TestDockerLogin_WithExtentReport"/>
  <testcase name="testMethodForExercise1c" time="6.867" classname="exercise1.TestDockerLogin_WithExtentReport"/>
  <testcase name="testMethodForExercise2" time="4.795" classname="exercise1.TestDockerLogin_WithExtentReport"/>
  <testcase name="testMethodForExercise3" time="0.886" classname="exercise1.TestDockerLogin_WithExtentReport"/>
  <testcase name="testMethodForExercise4" time="4.359" classname="exercise1.TestDockerLogin_WithExtentReport"/>
</testsuite> <!-- exercise1.TestDockerLogin_WithExtentReport -->
