<?xml version="1.0" encoding="UTF-8"?>
<!-- Generated by org.testng.reporters.JUnitReportReporter -->
<testsuite skipped="0" hostname="LAPTOP-VH53OGEN" name="exercise1.Extentreportex1" tests="1" failures="0" timestamp="18 Apr 2021 17:23:49 GMT" time="39.704" errors="0">
  <testcase name="test1" time="39.704" classname="exercise1.Extentreportex1"/>
</testsuite> <!-- exercise1.Extentreportex1 -->
