<?xml version="1.0" encoding="UTF-8"?>
<!-- Generated by org.testng.reporters.JUnitReportReporter -->
<testsuite skipped="0" hostname="LAPTOP-VH53OGEN" name="exercise2.TestClickVerifiedPublisher" tests="1" failures="0" timestamp="18 Apr 2021 19:23:34 GMT" time="10.755" errors="0">
  <testcase name="testMethod2" time="10.755" classname="exercise2.TestClickVerifiedPublisher"/>
</testsuite> <!-- exercise2.TestClickVerifiedPublisher -->
