<?xml version="1.0" encoding="UTF-8"?>
<!-- Generated by org.testng.reporters.JUnitReportReporter -->
<testsuite skipped="0" hostname="LAPTOP-VH53OGEN" name="exercise4.TestCloseIcon" tests="1" failures="0" timestamp="18 Apr 2021 19:10:25 GMT" time="16.723" errors="0">
  <testcase name="testmethod4" time="16.723" classname="exercise4.TestCloseIcon"/>
</testsuite> <!-- exercise4.TestCloseIcon -->
