<?xml version="1.0" encoding="UTF-8"?>
<!-- Generated by org.testng.reporters.JUnitReportReporter -->
<testsuite skipped="0" hostname="LAPTOP-VH53OGEN" name="exercise3.TestFilter" tests="1" failures="0" timestamp="18 Apr 2021 18:19:38 GMT" time="14.838" errors="0">
  <testcase name="testMethod3" time="14.838" classname="exercise3.TestFilter"/>
</testsuite> <!-- exercise3.TestFilter -->
