<?xml version="1.0" encoding="UTF-8"?>
<!-- Generated by org.testng.reporters.JUnitReportReporter -->
<testsuite skipped="0" hostname="LAPTOP-VH53OGEN" name="exercise1.TestDockerLogin" tests="6" failures="0" timestamp="19 Apr 2021 03:14:34 GMT" time="74.695" errors="0">
  <testcase name="testMethodForExercise1a" time="34.636" classname="exercise1.TestDockerLogin"/>
  <testcase name="testMethodForExercise1b" time="16.181" classname="exercise1.TestDockerLogin"/>
  <testcase name="testMethodForExercise1c" time="16.699" classname="exercise1.TestDockerLogin"/>
  <testcase name="testMethodForExercise2" time="3.424" classname="exercise1.TestDockerLogin"/>
  <testcase name="testMethodForExercise3" time="0.609" classname="exercise1.TestDockerLogin"/>
  <testcase name="testMethodForExercise4" time="3.146" classname="exercise1.TestDockerLogin"/>
</testsuite> <!-- exercise1.TestDockerLogin -->
